<?xml version="1.0" encoding="UTF-8"?>
<!-- Generated by org.testng.reporters.JUnitReportReporter -->
<testsuite hostname="DESKTOP-L1K6F9E" failures="0" tests="3" name="com.ww.tests.BusinessHoursOfWWStudioTest" time="56.294" errors="0" timestamp="2022-08-14T16:54:04 IST" skipped="0">
  <testcase classname="com.ww.tests.BusinessHoursOfWWStudioTest" name="wWStudioBusinessHours" time="20.975"/>
  <system-out/>
  <testcase classname="com.ww.tests.BusinessHoursOfWWStudioTest" name="wWStudioBusinessHours" time="15.231"/>
  <system-out/>
  <testcase classname="com.ww.tests.BusinessHoursOfWWStudioTest" name="wWStudioBusinessHours" time="20.088"/>
  <system-out/>
</testsuite> <!-- com.ww.tests.BusinessHoursOfWWStudioTest -->
